2022-11-11 14:31:29,583 - INFO - Start bot
2022-11-11 14:31:38,736 - INFO - Владимир/ 1147974470/ numbers = ['/Комплексные', 'числа']
2022-11-11 14:34:40,502 - INFO - Владимир/ 1147974470/ rational_numbers
2022-11-11 14:34:40,502 - INFO - Start bot
2022-11-11 14:34:40,787 - INFO - Владимир/ 1147974470/ rational_numbers
2022-11-11 14:34:40,816 - INFO - Владимир/ 1147974470/ numbers = ['/Комплексные', 'числа']
2022-11-11 14:35:25,509 - INFO - Владимир/ 1147974470/ Сумма
2022-11-11 14:35:25,509 - INFO - Владимир/ 1147974470/ numbers = ['4']
2022-11-11 14:35:25,515 - INFO - Владимир/ 1147974470/ numbers = ['5']
2022-11-11 14:35:25,515 - INFO - Владимир/ 1147974470/ numbers = ['6']
2022-11-11 14:35:25,515 - INFO - Владимир/ 1147974470/ numbers = ['76']
2022-11-11 14:35:25,516 - INFO - Владимир/ 1147974470/ numbers = ['353']
2022-11-11 14:35:33,413 - INFO - Владимир/ 1147974470/ Сумма
2022-11-11 14:35:33,414 - INFO - Владимир/ 1147974470/ numbers = ['4']
2022-11-11 14:35:33,419 - INFO - Владимир/ 1147974470/ numbers = ['5']
2022-11-11 14:35:33,419 - INFO - Владимир/ 1147974470/ numbers = ['6']
2022-11-11 14:35:33,419 - INFO - Владимир/ 1147974470/ numbers = ['76']
2022-11-11 14:35:33,420 - INFO - Владимир/ 1147974470/ numbers = ['353']
2022-11-11 14:38:04,775 - INFO - Start bot
2022-11-11 14:38:07,186 - INFO - Владимир/ 1147974470/ rational_numbers
2022-11-11 14:38:12,281 - INFO - Владимир/ 1147974470/ Сумма
2022-11-11 14:38:16,390 - INFO - Владимир/ 1147974470/ numbers = ['2', '4']
2022-11-11 14:38:16,570 - INFO - Владимир/ 1147974470/ result = 6
2022-11-11 14:38:16,570 - INFO - End bot
2022-11-11 14:38:20,215 - INFO - Start bot
2022-11-11 14:38:22,114 - INFO - Владимир/ 1147974470/ rational_numbers
2022-11-11 14:38:24,471 - INFO - Владимир/ 1147974470/ Деление
2022-11-11 14:38:27,885 - INFO - Владимир/ 1147974470/ numbers = ['8', '2']
2022-11-11 14:38:28,015 - INFO - Владимир/ 1147974470/ result = 4.0
2022-11-11 14:38:28,015 - INFO - End bot
2022-11-11 14:38:32,376 - INFO - Start bot
2022-11-11 14:38:33,841 - INFO - Владимир/ 1147974470/ rational_numbers
2022-11-11 14:38:35,646 - INFO - Владимир/ 1147974470/ Деление
2022-11-11 14:38:38,557 - INFO - Владимир/ 1147974470/ numbers = ['6', '4']
2022-11-11 14:38:38,690 - INFO - Владимир/ 1147974470/ result = 1.5
2022-11-11 14:38:38,690 - INFO - End bot
2022-11-11 14:38:41,679 - INFO - Start bot
2022-11-11 14:38:43,885 - INFO - Владимир/ 1147974470/ rational_numbers
2022-11-11 14:38:46,040 - INFO - Владимир/ 1147974470/ Извлечение_корня
2022-11-11 14:38:49,342 - INFO - Владимир/ 1147974470/ numbers = ['49']
2022-11-11 14:38:49,550 - INFO - Владимир/ 1147974470/ result = 7.0
2022-11-11 14:38:49,550 - INFO - End bot
2022-11-11 14:39:04,589 - INFO - Start bot
2022-11-11 14:39:06,693 - INFO - Владимир/ 1147974470/ rational_numbers
2022-11-11 14:39:12,748 - INFO - Владимир/ 1147974470/ Вычитание
2022-11-11 14:39:15,505 - INFO - Владимир/ 1147974470/ numbers = ['7', '5']
2022-11-11 14:39:15,654 - INFO - Владимир/ 1147974470/ result = 2
2022-11-11 14:39:15,654 - INFO - End bot
2022-11-11 14:39:48,051 - INFO - Start bot
2022-11-11 14:39:51,722 - INFO - Владимир/ 1147974470/ numbers = ['/rational_numbers']
2022-11-11 14:40:49,724 - INFO - Владимир/ 1147974470/ numbers = ['рапр']
2022-11-11 14:40:49,724 - INFO - Start bot
2022-11-11 14:42:10,917 - INFO - Start bot
2022-11-11 14:42:16,154 - INFO - Владимир/ 1147974470/ numbers = ['/Комплексные', 'числа']
2022-11-11 14:43:10,868 - INFO - Владимир/ 1147974470/ numbers = ['/rational_numbers']
2022-11-11 14:44:21,379 - INFO - Start bot
2022-11-11 14:44:28,844 - INFO - Владимир/ 1147974470/ numbers = ['/Рациональные', 'числа']
2022-11-11 14:45:44,232 - INFO - Владимир/ 1147974470/ numbers = ['/Комплексные', 'числа']
2022-11-11 14:46:42,212 - INFO - Владимир/ 1147974470/ numbers = ['/Рациональные', 'числа']
2022-11-11 14:47:33,151 - INFO - Start bot
2022-11-11 14:47:33,151 - INFO - Владимир/ 1147974470/ numbers = ['/Комплексные', 'числа']
2022-11-11 14:47:33,157 - INFO - Владимир/ 1147974470/ numbers = ['/Рациональные', 'числа']
2022-11-11 14:47:33,157 - INFO - Start bot
2022-11-11 14:47:44,513 - INFO - Start bot
2022-11-11 14:47:49,713 - INFO - Владимир/ 1147974470/ rational_numbers
2022-11-11 14:47:51,620 - INFO - Владимир/ 1147974470/ numbers = ['/Cтепень']
2022-11-11 14:48:02,119 - INFO - Владимир/ 1147974470/ Сумма
2022-11-11 14:48:02,119 - INFO - Владимир/ 1147974470/ Умножение
2022-11-11 14:48:05,980 - INFO - Владимир/ 1147974470/ numbers = ['2', '4']
2022-11-11 14:48:06,111 - INFO - Владимир/ 1147974470/ result = 8
2022-11-11 14:48:06,112 - INFO - End bot
2022-11-11 14:48:56,605 - INFO - Start bot
2022-11-11 14:48:58,032 - INFO - Владимир/ 1147974470/ rational_numbers
2022-11-11 14:48:59,306 - INFO - Владимир/ 1147974470/ Сумма
2022-11-11 14:49:02,585 - INFO - Владимир/ 1147974470/ numbers = ['12', '4']
2022-11-11 14:49:02,684 - INFO - Владимир/ 1147974470/ result = 16
2022-11-11 14:49:02,684 - INFO - End bot
2022-11-11 14:49:07,060 - INFO - Start bot
2022-11-11 14:49:08,885 - INFO - Владимир/ 1147974470/ numbers = ['/Комплексные', 'числа']
2022-11-11 14:49:23,752 - INFO - Владимир/ 1147974470/ numbers = ['/Комплексные', 'числа']
2022-11-11 14:49:23,752 - INFO - Владимир/ 1147974470/ rational_numbers
2022-11-11 14:49:23,759 - INFO - Start bot
2022-11-11 14:49:30,717 - INFO - Владимир/ 1147974470/ numbers = ['/Комплексные', 'числа']
2022-11-11 14:49:36,142 - INFO - Владимир/ 1147974470/ rational_numbers
2022-11-11 14:49:39,739 - INFO - Владимир/ 1147974470/ Извлечение_корня
2022-11-11 14:49:42,446 - INFO - Владимир/ 1147974470/ numbers = ['45']
2022-11-11 14:49:42,740 - INFO - Владимир/ 1147974470/ result = 6.708203932499369
2022-11-11 14:49:42,741 - INFO - End bot
2022-11-11 14:49:54,987 - INFO - Start bot
2022-11-11 14:49:56,247 - INFO - Владимир/ 1147974470/ rational_numbers
2022-11-11 14:49:58,374 - INFO - Владимир/ 1147974470/ Остаток_от_деления
2022-11-11 14:50:01,645 - INFO - Владимир/ 1147974470/ numbers = ['76', '2']
2022-11-11 14:50:01,754 - INFO - Владимир/ 1147974470/ result = 0
2022-11-11 14:50:01,754 - INFO - End bot
2022-11-11 14:50:05,187 - INFO - Start bot
2022-11-11 14:50:06,109 - INFO - Владимир/ 1147974470/ rational_numbers
2022-11-11 14:50:09,888 - INFO - Владимир/ 1147974470/ Извлечение_корня
2022-11-11 14:50:11,773 - INFO - Владимир/ 1147974470/ numbers = ['23']
2022-11-11 14:50:11,976 - INFO - Владимир/ 1147974470/ result = 4.795831523312719
2022-11-11 14:50:11,976 - INFO - End bot
2022-11-11 14:52:09,151 - INFO - Start bot
2022-11-11 14:52:39,421 - INFO - Start bot
2022-11-11 14:52:45,361 - INFO - Владимир/ 1147974470/ numbers = ['/Рациональные', 'числа']
2022-11-11 14:53:12,209 - INFO - Start bot
2022-11-11 14:53:13,867 - INFO - Владимир/ 1147974470/ numbers = ['/Рациональные', 'числа']
2022-11-11 14:53:33,348 - INFO - Start bot
2022-11-11 14:53:34,824 - INFO - Владимир/ 1147974470/ numbers = ['/Комплексные', 'числа']
2022-11-11 14:54:40,426 - INFO - Start bot
2022-11-11 14:54:42,053 - INFO - Владимир/ 1147974470/ rational_numbers
2022-11-11 14:54:43,994 - INFO - Владимир/ 1147974470/ Сумма
2022-11-11 14:54:50,195 - INFO - Владимир/ 1147974470/ numbers = ['2', '4']
2022-11-11 14:54:50,474 - INFO - Владимир/ 1147974470/ result = 6
2022-11-11 14:54:50,474 - INFO - End bot
2022-11-11 14:54:53,499 - INFO - Start bot
2022-11-11 14:54:54,916 - INFO - Владимир/ 1147974470/ rational_numbers
2022-11-11 14:54:56,027 - INFO - Владимир/ 1147974470/ Деление
2022-11-11 14:54:57,665 - INFO - Владимир/ 1147974470/ numbers = ['4', '5']
2022-11-11 14:54:57,782 - INFO - Владимир/ 1147974470/ result = 0.8
2022-11-11 14:54:57,782 - INFO - End bot
2022-11-11 14:55:04,506 - INFO - Start bot
2022-11-11 14:55:05,559 - INFO - Владимир/ 1147974470/ numbers = ['/Комплексные', 'числа']
2022-11-11 14:57:38,988 - INFO - Start bot
2022-11-11 14:57:40,376 - INFO - Владимир/ 1147974470/ numbers = ['/complex_number']
2022-11-11 15:02:26,899 - INFO - Владимир/ 1147974470/ rational_numbers
2022-11-11 15:02:28,387 - INFO - Владимир/ 1147974470/ summa_comp
2022-11-11 15:02:33,430 - INFO - Владимир/ 1147974470/ numbers = ['2', '4', '2', '3']
2022-11-11 15:04:04,328 - INFO - Start bot
2022-11-11 15:04:06,157 - INFO - Владимир/ 1147974470/ rational_numbers
2022-11-11 15:04:07,923 - INFO - Владимир/ 1147974470/ square_root
2022-11-11 15:04:10,487 - INFO - Владимир/ 1147974470/ numbers = ['43']
2022-11-11 15:04:10,598 - INFO - Владимир/ 1147974470/ result = 6.557438524302
2022-11-11 15:04:10,598 - INFO - End bot
2022-11-11 15:04:12,531 - INFO - Start bot
2022-11-11 15:04:13,862 - INFO - Владимир/ 1147974470/ rational_numbers
2022-11-11 15:04:15,053 - INFO - Владимир/ 1147974470/ division
2022-11-11 15:04:18,160 - INFO - Владимир/ 1147974470/ numbers = ['45', '65']
2022-11-11 15:04:18,277 - INFO - Владимир/ 1147974470/ result = 0.6923076923076923
2022-11-11 15:04:18,277 - INFO - End bot
2022-11-11 15:04:20,660 - INFO - Start bot
2022-11-11 15:04:21,618 - INFO - Владимир/ 1147974470/ rational_numbers
2022-11-11 15:04:22,796 - INFO - Владимир/ 1147974470/ summa_comp
2022-11-11 15:04:32,930 - INFO - Владимир/ 1147974470/ numbers = ['2', '4', '2', '5']
2022-11-11 15:04:33,051 - INFO - Владимир/ 1147974470/ result = (4+9j)
2022-11-11 15:04:33,051 - INFO - End bot
